Build started 13/04/2015 16:08:52.
     1>Project "C:\ResearchDocuments\VCProj\OpenCVTabletProject\OpenCVTabletProject\OpenCVTabletProject.vcxproj" on node 2 (build target(s)).
     1>PrepareForBuild:
         Creating directory "C:\ResearchDocuments\VCProj\OpenCVTabletProject\Debug\".
       InitializeBuildStatus:
         Creating "Debug\OpenCVTabletProject.unsuccessfulbuild" because "AlwaysCreate" was specified.
       ClCompile:
         C:\Program Files (x86)\Microsoft Visual Studio 10.0\VC\bin\CL.exe /c /I./include /ZI /nologo /W3 /WX- /Od /Oy- /D WIN32 /D _DEBUG /D _CONSOLE /D _UNICODE /D UNICODE /Gm /EHsc /RTC1 /MDd /GS /fp:precise /Zc:wchar_t /Zc:forScope /Fo"Debug\\" /Fd"Debug\vc100.pdb" /Gd /TP /analyze- /errorReport:prompt main.cpp
         main.cpp
       ManifestResourceCompile:
         C:\Program Files (x86)\Microsoft SDKs\Windows\v7.0A\bin\rc.exe /nologo /fo"Debug\OpenCVTabletProject.exe.embed.manifest.res" Debug\OpenCVTabletProject_manifest.rc 
       Link:
         C:\Program Files (x86)\Microsoft Visual Studio 10.0\VC\bin\link.exe /ERRORREPORT:PROMPT /OUT:"C:\ResearchDocuments\VCProj\OpenCVTabletProject\Debug\OpenCVTabletProject.exe" /INCREMENTAL /NOLOGO /LIBPATH:./lib opencv_core247d.lib opencv_highgui247d.lib opencv_imgproc247d.lib kernel32.lib user32.lib gdi32.lib winspool.lib comdlg32.lib advapi32.lib shell32.lib ole32.lib oleaut32.lib uuid.lib odbc32.lib odbccp32.lib /MANIFEST /ManifestFile:"Debug\OpenCVTabletProject.exe.intermediate.manifest" /MANIFESTUAC:"level='asInvoker' uiAccess='false'" /DEBUG /PDB:"C:\ResearchDocuments\VCProj\OpenCVTabletProject\Debug\OpenCVTabletProject.pdb" /SUBSYSTEM:CONSOLE /TLBID:1 /DYNAMICBASE /NXCOMPAT /IMPLIB:"C:\ResearchDocuments\VCProj\OpenCVTabletProject\Debug\OpenCVTabletProject.lib" /MACHINE:X86 Debug\OpenCVTabletProject.exe.embed.manifest.res
         Debug\main.obj
       Manifest:
         C:\Program Files (x86)\Microsoft SDKs\Windows\v7.0A\bin\mt.exe /nologo /verbose /out:"Debug\OpenCVTabletProject.exe.embed.manifest" /manifest Debug\OpenCVTabletProject.exe.intermediate.manifest
         C:\Program Files (x86)\Microsoft SDKs\Windows\v7.0A\bin\rc.exe /nologo /fo"Debug\OpenCVTabletProject.exe.embed.manifest.res" Debug\OpenCVTabletProject_manifest.rc 
       LinkEmbedManifest:
         C:\Program Files (x86)\Microsoft Visual Studio 10.0\VC\bin\link.exe /ERRORREPORT:PROMPT /OUT:"C:\ResearchDocuments\VCProj\OpenCVTabletProject\Debug\OpenCVTabletProject.exe" /INCREMENTAL /NOLOGO /LIBPATH:./lib opencv_core247d.lib opencv_highgui247d.lib opencv_imgproc247d.lib kernel32.lib user32.lib gdi32.lib winspool.lib comdlg32.lib advapi32.lib shell32.lib ole32.lib oleaut32.lib uuid.lib odbc32.lib odbccp32.lib /MANIFEST /ManifestFile:"Debug\OpenCVTabletProject.exe.intermediate.manifest" /MANIFESTUAC:"level='asInvoker' uiAccess='false'" /DEBUG /PDB:"C:\ResearchDocuments\VCProj\OpenCVTabletProject\Debug\OpenCVTabletProject.pdb" /SUBSYSTEM:CONSOLE /TLBID:1 /DYNAMICBASE /NXCOMPAT /IMPLIB:"C:\ResearchDocuments\VCProj\OpenCVTabletProject\Debug\OpenCVTabletProject.lib" /MACHINE:X86 Debug\OpenCVTabletProject.exe.embed.manifest.res
         Debug\main.obj
         OpenCVTabletProject.vcxproj -> C:\ResearchDocuments\VCProj\OpenCVTabletProject\Debug\OpenCVTabletProject.exe
       FinalizeBuildStatus:
         Deleting file "Debug\OpenCVTabletProject.unsuccessfulbuild".
         Touching "Debug\OpenCVTabletProject.lastbuildstate".
     1>Done Building Project "C:\ResearchDocuments\VCProj\OpenCVTabletProject\OpenCVTabletProject\OpenCVTabletProject.vcxproj" (build target(s)).

Build succeeded.

Time Elapsed 00:00:07.56
