Build started 10/10/2016 23:02:11.
     1>Project "C:\Researchwork\stackOverflowAnswers\stackOverflowAnswers\quantizeImageBitManipulation\OpenCVTabletProject\OpenCVTabletProject.vcxproj" on node 2 (build target(s)).
     1>InitializeBuildStatus:
         Creating "Debug\OpenCVTabletProject.unsuccessfulbuild" because "AlwaysCreate" was specified.
       ClCompile:
         c:\Program Files (x86)\Microsoft Visual Studio 10.0\VC\bin\CL.exe /c /I./include /ZI /nologo /W3 /WX- /Od /Oy- /D WIN32 /D _DEBUG /D _CONSOLE /D _UNICODE /D UNICODE /Gm /EHsc /RTC1 /MDd /GS /fp:precise /Zc:wchar_t /Zc:forScope /Fo"Debug\\" /Fd"Debug\vc100.pdb" /Gd /TP /analyze- /errorReport:prompt main.cpp
         main.cpp
       ManifestResourceCompile:
         All outputs are up-to-date.
       Link:
         c:\Program Files (x86)\Microsoft Visual Studio 10.0\VC\bin\link.exe /ERRORREPORT:PROMPT /OUT:"C:\Researchwork\stackOverflowAnswers\stackOverflowAnswers\quantizeImageBitManipulation\Debug\OpenCVTabletProject.exe" /INCREMENTAL /NOLOGO /LIBPATH:./lib opencv_core247d.lib opencv_highgui247d.lib opencv_imgproc247d.lib kernel32.lib user32.lib gdi32.lib winspool.lib comdlg32.lib advapi32.lib shell32.lib ole32.lib oleaut32.lib uuid.lib odbc32.lib odbccp32.lib /MANIFEST /ManifestFile:"Debug\OpenCVTabletProject.exe.intermediate.manifest" /MANIFESTUAC:"level='asInvoker' uiAccess='false'" /DEBUG /PDB:"C:\Researchwork\stackOverflowAnswers\stackOverflowAnswers\quantizeImageBitManipulation\Debug\OpenCVTabletProject.pdb" /SUBSYSTEM:CONSOLE /TLBID:1 /DYNAMICBASE /NXCOMPAT /IMPLIB:"C:\Researchwork\stackOverflowAnswers\stackOverflowAnswers\quantizeImageBitManipulation\Debug\OpenCVTabletProject.lib" /MACHINE:X86 Debug\OpenCVTabletProject.exe.embed.manifest.res
         Debug\main.obj
       Manifest:
         c:\Program Files (x86)\Microsoft SDKs\Windows\v7.0A\bin\mt.exe /nologo /verbose /out:"Debug\OpenCVTabletProject.exe.embed.manifest" /manifest Debug\OpenCVTabletProject.exe.intermediate.manifest
         All outputs are up-to-date.
       LinkEmbedManifest:
         All outputs are up-to-date.
         OpenCVTabletProject.vcxproj -> C:\Researchwork\stackOverflowAnswers\stackOverflowAnswers\quantizeImageBitManipulation\Debug\OpenCVTabletProject.exe
       FinalizeBuildStatus:
         Deleting file "Debug\OpenCVTabletProject.unsuccessfulbuild".
         Touching "Debug\OpenCVTabletProject.lastbuildstate".
     1>Done Building Project "C:\Researchwork\stackOverflowAnswers\stackOverflowAnswers\quantizeImageBitManipulation\OpenCVTabletProject\OpenCVTabletProject.vcxproj" (build target(s)).

Build succeeded.

Time Elapsed 00:00:02.73
